\BOOKMARK [1][-]{section*.4}{Liste des Acronymes}{}% 1
\BOOKMARK [1][-]{section*.7}{Glossaire}{}% 2
\BOOKMARK [1][-]{section.1}{1 Objectif}{}% 3
\BOOKMARK [1][-]{section.2}{2 Introduction G\351n\351rale}{}% 4
\BOOKMARK [2][-]{subsection.2.1}{2.1 Sur le lieu de travail}{section.2}% 5
\BOOKMARK [3][-]{subsubsection.2.1.1}{2.1.1 L'IETR}{subsection.2.1}% 6
\BOOKMARK [3][-]{subsubsection.2.1.2}{2.1.2 Division des \311quipes de Recherche}{subsection.2.1}% 7
\BOOKMARK [3][-]{subsubsection.2.1.3}{2.1.3 L'\351quipe AUT}{subsection.2.1}% 8
\BOOKMARK [2][-]{subsection.2.2}{2.2 Le Projet}{section.2}% 9
\BOOKMARK [1][-]{section.3}{3 Division du travail}{}% 10
\BOOKMARK [2][-]{subsection.3.1}{3.1 Premi\350re Partie - Lecture}{section.3}% 11
\BOOKMARK [2][-]{subsection.3.2}{3.2 Deuxi\350me Partie - Mise en Main}{section.3}% 12
\BOOKMARK [2][-]{subsection.3.3}{3.3 Troisi\350me Partie - Programmation}{section.3}% 13
\BOOKMARK [2][-]{subsection.3.4}{3.4 Quatri\350me Partie - Int\351gration}{section.3}% 14
\BOOKMARK [2][-]{subsection.3.5}{3.5 Cinqui\350me Partie - R\351daction}{section.3}% 15
\BOOKMARK [1][-]{section.4}{4 M\351thodologie}{}% 16
\BOOKMARK [2][-]{subsection.4.1}{4.1 Deuxi\350me Partie - Mise en Main}{section.4}% 17
\BOOKMARK [3][-]{subsubsection.4.1.1}{4.1.1 \300 propos du DIgSILENT PowerFactory}{subsection.4.1}% 18
\BOOKMARK [2][-]{subsection.4.2}{4.2 \300 propos du r\351seau}{section.4}% 19
\BOOKMARK [2][-]{subsection.4.3}{4.3 Troisi\350me Partie - Programmation}{section.4}% 20
\BOOKMARK [2][-]{subsection.4.4}{4.4 Quatri\350me Partie - Int\351gration}{section.4}% 21
\BOOKMARK [3][-]{subsubsection.4.4.1}{4.4.1 \300 propos des temps de simulation}{subsection.4.4}% 22
\BOOKMARK [1][-]{section.5}{5 R\351sultats}{}% 23
\BOOKMARK [2][-]{subsection.5.1}{5.1 Scripts}{section.5}% 24
\BOOKMARK [2][-]{subsection.5.2}{5.2 Simulations avec le r\351gulateur}{section.5}% 25
\BOOKMARK [1][-]{section.6}{6 Conclusion}{}% 26
\BOOKMARK [1][-]{section*.38}{Appendices}{}% 27
\BOOKMARK [1][-]{Annexe.1.A}{A Programmes}{}% 28
\BOOKMARK [1][-]{section*.40}{Liste des tableaux}{}% 29
\BOOKMARK [1][-]{section*.42}{Table des figures}{}% 30
